<?xml version="1.0" encoding="UTF-8"?>
<!-- Generated by org.testng.reporters.JUnitXMLReporter -->
<testsuite hostname="thinkcube-Aspire-5742" ignored="3" name="Test" tests="5" failures="0" timestamp="10 Jul 2018 09:45:57 GMT" time="21.17" errors="0">
  <testcase name="beforeSuite" time="1.034" classname="loginTestNG.login"/>
  <testcase name="beforeSuite" time="0.561" classname="loginTestNG.login"/>
  <testcase name="beforeSuite" time="0.588" classname="loginTestNG.login"/>
  <testcase name="beforeSuite" time="0.593" classname="loginTestNG.login"/>
  <testcase name="rejectCheques" time="13.002" classname="Cheques.rejectCheque"/>
  <testcase name="@BeforeSuite drivers" time="0.0" classname="driver.driverDetails">
    <ignored/>
  </testcase> <!-- @BeforeSuite drivers -->
  <testcase name="@BeforeSuite drivers" time="0.0" classname="driver.driverDetails">
    <ignored/>
  </testcase> <!-- @BeforeSuite drivers -->
  <testcase name="@BeforeSuite drivers" time="0.0" classname="driver.driverDetails">
    <ignored/>
  </testcase> <!-- @BeforeSuite drivers -->
</testsuite> <!-- Test -->
