<?xml version="1.0" encoding="UTF-8"?>
<!-- Generated by org.testng.reporters.JUnitXMLReporter -->
<testsuite hostname="thinkcube-Aspire-5742" ignored="1" name="Test" tests="2" failures="0" timestamp="03 May 2018 12:00:42 GMT" time="8.38" errors="0">
  <testcase name="navigateKioks" time="2.347" classname="loginTestNG.login"/>
  <testcase name="navigateKioks" time="2.064" classname="loginTestNG.login"/>
  <testcase name="@BeforeSuite beforeSuite" time="0.0" classname="loginTestNG.login">
    <ignored/>
  </testcase> <!-- @BeforeSuite beforeSuite -->
</testsuite> <!-- Test -->
