<?xml version="1.0" encoding="UTF-8"?>
<testng-results skipped="0" failed="0" ignored="3" total="8" passed="5">
  <reporter-output>
  </reporter-output>
  <suite name="Suite" duration-ms="21170" started-at="2018-07-10T09:45:36Z" finished-at="2018-07-10T09:45:57Z">
    <groups>
    </groups>
    <test name="Test" duration-ms="21170" started-at="2018-07-10T09:45:36Z" finished-at="2018-07-10T09:45:57Z">
      <class name="driver.driverDetails">
        <test-method status="PASS" signature="drivers()[pri:0, instance:driver.driverDetails@6f7fd0e6]" name="drivers" is-config="true" duration-ms="17709" started-at="2018-07-10T15:15:18Z" finished-at="2018-07-10T15:15:36Z">
          <reporter-output>
          </reporter-output>
        </test-method> <!-- drivers -->
      </class> <!-- driver.driverDetails -->
      <class name="loginTestNG.login">
        <test-method status="PASS" signature="beforeSuite(java.lang.String, java.lang.String)[pri:0, instance:loginTestNG.login@47c62251]" name="beforeSuite" duration-ms="1034" started-at="2018-07-10T15:15:36Z" data-provider="Authentication" finished-at="2018-07-10T15:15:37Z">
          <params>
            <param index="0">
              <value>
                <![CDATA[sewmir]]>
              </value>
            </param>
            <param index="1">
              <value>
                <![CDATA[123456]]>
              </value>
            </param>
          </params>
          <reporter-output>
          </reporter-output>
        </test-method> <!-- beforeSuite -->
        <test-method status="PASS" signature="beforeSuite(java.lang.String, java.lang.String)[pri:0, instance:loginTestNG.login@47c62251]" name="beforeSuite" duration-ms="561" started-at="2018-07-10T15:15:37Z" data-provider="Authentication" finished-at="2018-07-10T15:15:37Z">
          <params>
            <param index="0">
              <value>
                <![CDATA[sewmi]]>
              </value>
            </param>
            <param index="1">
              <value>
                <![CDATA[12345678]]>
              </value>
            </param>
          </params>
          <reporter-output>
          </reporter-output>
        </test-method> <!-- beforeSuite -->
        <test-method status="PASS" signature="beforeSuite(java.lang.String, java.lang.String)[pri:0, instance:loginTestNG.login@47c62251]" name="beforeSuite" duration-ms="588" started-at="2018-07-10T15:15:37Z" data-provider="Authentication" finished-at="2018-07-10T15:15:38Z">
          <params>
            <param index="0">
              <value>
                <![CDATA[abc]]>
              </value>
            </param>
            <param index="1">
              <value>
                <![CDATA[3333]]>
              </value>
            </param>
          </params>
          <reporter-output>
          </reporter-output>
        </test-method> <!-- beforeSuite -->
        <test-method status="PASS" signature="beforeSuite(java.lang.String, java.lang.String)[pri:0, instance:loginTestNG.login@47c62251]" name="beforeSuite" duration-ms="593" started-at="2018-07-10T15:15:38Z" data-provider="Authentication" finished-at="2018-07-10T15:15:38Z">
          <params>
            <param index="0">
              <value>
                <![CDATA[sewmir]]>
              </value>
            </param>
            <param index="1">
              <value>
                <![CDATA[12345678]]>
              </value>
            </param>
          </params>
          <reporter-output>
          </reporter-output>
        </test-method> <!-- beforeSuite -->
      </class> <!-- loginTestNG.login -->
      <class name="Cheques.rejectCheque">
        <test-method status="PASS" signature="beforeClass()[pri:0, instance:Cheques.rejectCheque@3e6fa38a]" name="beforeClass" is-config="true" duration-ms="617" started-at="2018-07-10T15:15:38Z" finished-at="2018-07-10T15:15:39Z">
          <reporter-output>
          </reporter-output>
        </test-method> <!-- beforeClass -->
        <test-method status="PASS" signature="beforeMethod()[pri:0, instance:Cheques.rejectCheque@3e6fa38a]" name="beforeMethod" is-config="true" duration-ms="1471" started-at="2018-07-10T15:15:39Z" finished-at="2018-07-10T15:15:40Z">
          <reporter-output>
          </reporter-output>
        </test-method> <!-- beforeMethod -->
        <test-method status="PASS" signature="rejectCheques()[pri:0, instance:Cheques.rejectCheque@3e6fa38a]" name="rejectCheques" duration-ms="13002" started-at="2018-07-10T15:15:40Z" finished-at="2018-07-10T15:15:53Z">
          <reporter-output>
          </reporter-output>
        </test-method> <!-- rejectCheques -->
        <test-method status="PASS" signature="afterMethod()[pri:0, instance:Cheques.rejectCheque@3e6fa38a]" name="afterMethod" is-config="true" duration-ms="3258" started-at="2018-07-10T15:15:53Z" finished-at="2018-07-10T15:15:57Z">
          <reporter-output>
          </reporter-output>
        </test-method> <!-- afterMethod -->
        <test-method status="PASS" signature="afterClass()[pri:0, instance:Cheques.rejectCheque@3e6fa38a]" name="afterClass" is-config="true" duration-ms="1" started-at="2018-07-10T15:15:57Z" finished-at="2018-07-10T15:15:57Z">
          <reporter-output>
          </reporter-output>
        </test-method> <!-- afterClass -->
      </class> <!-- Cheques.rejectCheque -->
      <class name="loginTestNG.logOut">
        <test-method status="FAIL" signature="afterSuite()[pri:0, instance:loginTestNG.logOut@1e88b3c]" name="afterSuite" is-config="true" duration-ms="4103" started-at="2018-07-10T15:15:57Z" finished-at="2018-07-10T15:16:01Z">
          <exception class="org.openqa.selenium.ElementNotVisibleException">
            <message>
              <![CDATA[element not visible
  (Session info: chrome=56.0.2924.87)
  (Driver info: chromedriver=2.29.461571 (8a88bbe0775e2a23afda0ceaf2ef7ee74e822cc5),platform=Linux 4.4.0-116-generic x86_64) (WARNING: The server did not provide any stacktrace information)
Command duration or timeout: 56 milliseconds
Build info: version: 'unknown', revision: 'unknown', time: 'unknown'
System info: host: 'thinkcube-Aspire-5742', ip: '127.0.1.1', os.name: 'Linux', os.arch: 'amd64', os.version: '4.4.0-116-generic', java.version: '1.8.0_151'
Driver info: org.openqa.selenium.chrome.ChromeDriver
Capabilities [{applicationCacheEnabled=false, rotatable=false, mobileEmulationEnabled=false, networkConnectionEnabled=false, chrome={chromedriverVersion=2.29.461571 (8a88bbe0775e2a23afda0ceaf2ef7ee74e822cc5), userDataDir=/tmp/.org.chromium.Chromium.OV2ymH}, takesHeapSnapshot=true, pageLoadStrategy=normal, databaseEnabled=false, handlesAlerts=true, hasTouchScreen=false, version=56.0.2924.87, platform=LINUX, browserConnectionEnabled=false, nativeEvents=true, acceptSslCerts=true, locationContextEnabled=true, webStorageEnabled=true, browserName=chrome, takesScreenshot=true, javascriptEnabled=true, cssSelectorsEnabled=true, unexpectedAlertBehaviour=}]
Session ID: 1f17884edc98c1e1d2aa7e98714090d2]]>
            </message>
            <full-stacktrace>
              <![CDATA[org.openqa.selenium.ElementNotVisibleException: element not visible
  (Session info: chrome=56.0.2924.87)
  (Driver info: chromedriver=2.29.461571 (8a88bbe0775e2a23afda0ceaf2ef7ee74e822cc5),platform=Linux 4.4.0-116-generic x86_64) (WARNING: The server did not provide any stacktrace information)
Command duration or timeout: 56 milliseconds
Build info: version: 'unknown', revision: 'unknown', time: 'unknown'
System info: host: 'thinkcube-Aspire-5742', ip: '127.0.1.1', os.name: 'Linux', os.arch: 'amd64', os.version: '4.4.0-116-generic', java.version: '1.8.0_151'
Driver info: org.openqa.selenium.chrome.ChromeDriver
Capabilities [{applicationCacheEnabled=false, rotatable=false, mobileEmulationEnabled=false, networkConnectionEnabled=false, chrome={chromedriverVersion=2.29.461571 (8a88bbe0775e2a23afda0ceaf2ef7ee74e822cc5), userDataDir=/tmp/.org.chromium.Chromium.OV2ymH}, takesHeapSnapshot=true, pageLoadStrategy=normal, databaseEnabled=false, handlesAlerts=true, hasTouchScreen=false, version=56.0.2924.87, platform=LINUX, browserConnectionEnabled=false, nativeEvents=true, acceptSslCerts=true, locationContextEnabled=true, webStorageEnabled=true, browserName=chrome, takesScreenshot=true, javascriptEnabled=true, cssSelectorsEnabled=true, unexpectedAlertBehaviour=}]
Session ID: 1f17884edc98c1e1d2aa7e98714090d2
	at sun.reflect.NativeConstructorAccessorImpl.newInstance0(Native Method)
	at sun.reflect.NativeConstructorAccessorImpl.newInstance(NativeConstructorAccessorImpl.java:62)
	at sun.reflect.DelegatingConstructorAccessorImpl.newInstance(DelegatingConstructorAccessorImpl.java:45)
	at java.lang.reflect.Constructor.newInstance(Constructor.java:423)
	at org.openqa.selenium.remote.ErrorHandler.createThrowable(ErrorHandler.java:215)
	at org.openqa.selenium.remote.ErrorHandler.throwIfResponseFailed(ErrorHandler.java:167)
	at org.openqa.selenium.remote.RemoteWebDriver.execute(RemoteWebDriver.java:671)
	at org.openqa.selenium.remote.RemoteWebElement.execute(RemoteWebElement.java:272)
	at org.openqa.selenium.remote.RemoteWebElement.click(RemoteWebElement.java:82)
	at loginTestNG.logOut.afterSuite(logOut.java:14)
	at sun.reflect.NativeMethodAccessorImpl.invoke0(Native Method)
	at sun.reflect.NativeMethodAccessorImpl.invoke(NativeMethodAccessorImpl.java:62)
	at sun.reflect.DelegatingMethodAccessorImpl.invoke(DelegatingMethodAccessorImpl.java:43)
	at java.lang.reflect.Method.invoke(Method.java:498)
	at org.testng.internal.MethodInvocationHelper.invokeMethod(MethodInvocationHelper.java:108)
	at org.testng.internal.Invoker.invokeConfigurationMethod(Invoker.java:523)
	at org.testng.internal.Invoker.invokeConfigurations(Invoker.java:224)
	at org.testng.internal.Invoker.invokeConfigurations(Invoker.java:146)
	at org.testng.SuiteRunner.privateRun(SuiteRunner.java:350)
	at org.testng.SuiteRunner.run(SuiteRunner.java:289)
	at org.testng.SuiteRunnerWorker.runSuite(SuiteRunnerWorker.java:52)
	at org.testng.SuiteRunnerWorker.run(SuiteRunnerWorker.java:86)
	at org.testng.TestNG.runSuitesSequentially(TestNG.java:1301)
	at org.testng.TestNG.runSuitesLocally(TestNG.java:1226)
	at org.testng.TestNG.runSuites(TestNG.java:1144)
	at org.testng.TestNG.run(TestNG.java:1115)
	at org.testng.remote.AbstractRemoteTestNG.run(AbstractRemoteTestNG.java:132)
	at org.testng.remote.RemoteTestNG.initAndRun(RemoteTestNG.java:230)
	at org.testng.remote.RemoteTestNG.main(RemoteTestNG.java:76)
]]>
            </full-stacktrace>
          </exception> <!-- org.openqa.selenium.ElementNotVisibleException -->
          <reporter-output>
          </reporter-output>
        </test-method> <!-- afterSuite -->
      </class> <!-- loginTestNG.logOut -->
    </test> <!-- Test -->
  </suite> <!-- Suite -->
</testng-results>
