<?xml version="1.0" encoding="UTF-8"?>
<testng-results skipped="0" failed="1" ignored="9" total="20" passed="10">
  <reporter-output>
  </reporter-output>
  <suite name="Suite" duration-ms="57851" started-at="2018-06-29T09:04:04Z" finished-at="2018-06-29T09:05:02Z">
    <groups>
    </groups>
    <test name="Test" duration-ms="57851" started-at="2018-06-29T09:04:04Z" finished-at="2018-06-29T09:05:02Z">
      <class name="user.createUser">
        <test-method status="PASS" signature="openModal()[pri:0, instance:user.createUser@685cb137]" name="openModal" is-config="true" duration-ms="365" started-at="2018-06-29T14:34:20Z" finished-at="2018-06-29T14:34:21Z">
          <reporter-output>
          </reporter-output>
        </test-method> <!-- openModal -->
        <test-method status="PASS" signature="sendKeys()[pri:0, instance:user.createUser@685cb137]" name="sendKeys" duration-ms="6847" started-at="2018-06-29T14:34:21Z" finished-at="2018-06-29T14:34:28Z">
          <reporter-output>
          </reporter-output>
        </test-method> <!-- sendKeys -->
      </class> <!-- user.createUser -->
      <class name="user.viewUser">
        <test-method status="PASS" signature="viewUsers()[pri:0, instance:user.viewUser@6a4f787b]" name="viewUsers" duration-ms="279" started-at="2018-06-29T14:34:20Z" finished-at="2018-06-29T14:34:20Z">
          <reporter-output>
          </reporter-output>
        </test-method> <!-- viewUsers -->
      </class> <!-- user.viewUser -->
      <class name="Cheques.validateCheque">
        <test-method status="PASS" signature="beforeMethod()[pri:0, instance:Cheques.validateCheque@7cd62f43]" name="beforeMethod" is-config="true" duration-ms="166" started-at="2018-06-29T14:34:33Z" finished-at="2018-06-29T14:34:33Z">
          <reporter-output>
          </reporter-output>
        </test-method> <!-- beforeMethod -->
        <test-method status="PASS" signature="returnTransactionID()[pri:0, instance:Cheques.validateCheque@7cd62f43]" name="returnTransactionID" is-config="true" duration-ms="1121" started-at="2018-06-29T14:34:33Z" finished-at="2018-06-29T14:34:34Z">
          <reporter-output>
          </reporter-output>
        </test-method> <!-- returnTransactionID -->
        <test-method status="PASS" signature="chequeValidation()[pri:0, instance:Cheques.validateCheque@7cd62f43]" name="chequeValidation" duration-ms="22640" started-at="2018-06-29T14:34:34Z" finished-at="2018-06-29T14:34:57Z">
          <reporter-output>
          </reporter-output>
        </test-method> <!-- chequeValidation -->
        <test-method status="PASS" signature="afterClass()[pri:0, instance:Cheques.validateCheque@7cd62f43]" name="afterClass" is-config="true" duration-ms="5279" started-at="2018-06-29T14:34:57Z" finished-at="2018-06-29T14:35:02Z">
          <reporter-output>
          </reporter-output>
        </test-method> <!-- afterClass -->
      </class> <!-- Cheques.validateCheque -->
      <class name="kiosks.viewKiosks">
        <test-method status="PASS" signature="viewKiosk()[pri:0, instance:kiosks.viewKiosks@5c3bd550]" name="viewKiosk" duration-ms="1505" started-at="2018-06-29T14:34:08Z" finished-at="2018-06-29T14:34:09Z">
          <reporter-output>
          </reporter-output>
        </test-method> <!-- viewKiosk -->
      </class> <!-- kiosks.viewKiosks -->
      <class name="driver.driverDetails">
        <test-method status="PASS" signature="drivers()[pri:0, instance:driver.driverDetails@1bce4f0a]" name="drivers" is-config="true" duration-ms="18796" started-at="2018-06-29T14:33:46Z" finished-at="2018-06-29T14:34:04Z">
          <reporter-output>
          </reporter-output>
        </test-method> <!-- drivers -->
      </class> <!-- driver.driverDetails -->
      <class name="loginTestNG.login">
        <test-method status="PASS" signature="beforeSuite(java.lang.String, java.lang.String)[pri:0, instance:loginTestNG.login@5e3a8624]" name="beforeSuite" duration-ms="995" started-at="2018-06-29T14:34:04Z" data-provider="Authentication" finished-at="2018-06-29T14:34:05Z">
          <params>
            <param index="0">
              <value>
                <![CDATA[sewmir]]>
              </value>
            </param>
            <param index="1">
              <value>
                <![CDATA[123456]]>
              </value>
            </param>
          </params>
          <reporter-output>
          </reporter-output>
        </test-method> <!-- beforeSuite -->
        <test-method status="PASS" signature="beforeSuite(java.lang.String, java.lang.String)[pri:0, instance:loginTestNG.login@5e3a8624]" name="beforeSuite" duration-ms="714" started-at="2018-06-29T14:34:05Z" data-provider="Authentication" finished-at="2018-06-29T14:34:06Z">
          <params>
            <param index="0">
              <value>
                <![CDATA[sewmi]]>
              </value>
            </param>
            <param index="1">
              <value>
                <![CDATA[12345678]]>
              </value>
            </param>
          </params>
          <reporter-output>
          </reporter-output>
        </test-method> <!-- beforeSuite -->
        <test-method status="PASS" signature="beforeSuite(java.lang.String, java.lang.String)[pri:0, instance:loginTestNG.login@5e3a8624]" name="beforeSuite" duration-ms="551" started-at="2018-06-29T14:34:06Z" data-provider="Authentication" finished-at="2018-06-29T14:34:07Z">
          <params>
            <param index="0">
              <value>
                <![CDATA[abc]]>
              </value>
            </param>
            <param index="1">
              <value>
                <![CDATA[3333]]>
              </value>
            </param>
          </params>
          <reporter-output>
          </reporter-output>
        </test-method> <!-- beforeSuite -->
        <test-method status="FAIL" signature="beforeSuite(java.lang.String, java.lang.String)[pri:0, instance:loginTestNG.login@5e3a8624]" name="beforeSuite" duration-ms="931" started-at="2018-06-29T14:34:07Z" data-provider="Authentication" finished-at="2018-06-29T14:34:08Z">
          <params>
            <param index="0">
              <value>
                <![CDATA[sewmir]]>
              </value>
            </param>
            <param index="1">
              <value>
                <![CDATA[12345678]]>
              </value>
            </param>
          </params>
          <exception class="org.openqa.selenium.StaleElementReferenceException">
            <message>
              <![CDATA[stale element reference: element is not attached to the page document
  (Session info: chrome=56.0.2924.87)
  (Driver info: chromedriver=2.29.461571 (8a88bbe0775e2a23afda0ceaf2ef7ee74e822cc5),platform=Linux 4.4.0-116-generic x86_64) (WARNING: The server did not provide any stacktrace information)
Command duration or timeout: 372 milliseconds
For documentation on this error, please visit: http://seleniumhq.org/exceptions/stale_element_reference.html
Build info: version: 'unknown', revision: 'unknown', time: 'unknown'
System info: host: 'thinkcube-Aspire-5742', ip: '127.0.1.1', os.name: 'Linux', os.arch: 'amd64', os.version: '4.4.0-116-generic', java.version: '1.8.0_151'
Driver info: org.openqa.selenium.chrome.ChromeDriver
Capabilities [{applicationCacheEnabled=false, rotatable=false, mobileEmulationEnabled=false, networkConnectionEnabled=false, chrome={chromedriverVersion=2.29.461571 (8a88bbe0775e2a23afda0ceaf2ef7ee74e822cc5), userDataDir=/tmp/.org.chromium.Chromium.9xODD1}, takesHeapSnapshot=true, pageLoadStrategy=normal, databaseEnabled=false, handlesAlerts=true, hasTouchScreen=false, version=56.0.2924.87, platform=LINUX, browserConnectionEnabled=false, nativeEvents=true, acceptSslCerts=true, locationContextEnabled=true, webStorageEnabled=true, browserName=chrome, takesScreenshot=true, javascriptEnabled=true, cssSelectorsEnabled=true, unexpectedAlertBehaviour=}]
Session ID: db7c8c6103690ec688f3e54ce8965964]]>
            </message>
            <full-stacktrace>
              <![CDATA[org.openqa.selenium.StaleElementReferenceException: stale element reference: element is not attached to the page document
  (Session info: chrome=56.0.2924.87)
  (Driver info: chromedriver=2.29.461571 (8a88bbe0775e2a23afda0ceaf2ef7ee74e822cc5),platform=Linux 4.4.0-116-generic x86_64) (WARNING: The server did not provide any stacktrace information)
Command duration or timeout: 372 milliseconds
For documentation on this error, please visit: http://seleniumhq.org/exceptions/stale_element_reference.html
Build info: version: 'unknown', revision: 'unknown', time: 'unknown'
System info: host: 'thinkcube-Aspire-5742', ip: '127.0.1.1', os.name: 'Linux', os.arch: 'amd64', os.version: '4.4.0-116-generic', java.version: '1.8.0_151'
Driver info: org.openqa.selenium.chrome.ChromeDriver
Capabilities [{applicationCacheEnabled=false, rotatable=false, mobileEmulationEnabled=false, networkConnectionEnabled=false, chrome={chromedriverVersion=2.29.461571 (8a88bbe0775e2a23afda0ceaf2ef7ee74e822cc5), userDataDir=/tmp/.org.chromium.Chromium.9xODD1}, takesHeapSnapshot=true, pageLoadStrategy=normal, databaseEnabled=false, handlesAlerts=true, hasTouchScreen=false, version=56.0.2924.87, platform=LINUX, browserConnectionEnabled=false, nativeEvents=true, acceptSslCerts=true, locationContextEnabled=true, webStorageEnabled=true, browserName=chrome, takesScreenshot=true, javascriptEnabled=true, cssSelectorsEnabled=true, unexpectedAlertBehaviour=}]
Session ID: db7c8c6103690ec688f3e54ce8965964
	at sun.reflect.NativeConstructorAccessorImpl.newInstance0(Native Method)
	at sun.reflect.NativeConstructorAccessorImpl.newInstance(NativeConstructorAccessorImpl.java:62)
	at sun.reflect.DelegatingConstructorAccessorImpl.newInstance(DelegatingConstructorAccessorImpl.java:45)
	at java.lang.reflect.Constructor.newInstance(Constructor.java:423)
	at org.openqa.selenium.remote.ErrorHandler.createThrowable(ErrorHandler.java:215)
	at org.openqa.selenium.remote.ErrorHandler.throwIfResponseFailed(ErrorHandler.java:167)
	at org.openqa.selenium.remote.RemoteWebDriver.execute(RemoteWebDriver.java:671)
	at org.openqa.selenium.remote.RemoteWebElement.execute(RemoteWebElement.java:272)
	at org.openqa.selenium.remote.RemoteWebElement.sendKeys(RemoteWebElement.java:96)
	at loginTestNG.login.beforeSuite(login.java:60)
	at sun.reflect.NativeMethodAccessorImpl.invoke0(Native Method)
	at sun.reflect.NativeMethodAccessorImpl.invoke(NativeMethodAccessorImpl.java:62)
	at sun.reflect.DelegatingMethodAccessorImpl.invoke(DelegatingMethodAccessorImpl.java:43)
	at java.lang.reflect.Method.invoke(Method.java:498)
	at org.testng.internal.MethodInvocationHelper.invokeMethod(MethodInvocationHelper.java:108)
	at org.testng.internal.Invoker.invokeMethod(Invoker.java:661)
	at org.testng.internal.Invoker.invokeTestMethod(Invoker.java:869)
	at org.testng.internal.Invoker.invokeTestMethods(Invoker.java:1193)
	at org.testng.internal.TestMethodWorker.invokeTestMethods(TestMethodWorker.java:126)
	at org.testng.internal.TestMethodWorker.run(TestMethodWorker.java:109)
	at org.testng.TestRunner.privateRun(TestRunner.java:744)
	at org.testng.TestRunner.run(TestRunner.java:602)
	at org.testng.SuiteRunner.runTest(SuiteRunner.java:380)
	at org.testng.SuiteRunner.runSequentially(SuiteRunner.java:375)
	at org.testng.SuiteRunner.privateRun(SuiteRunner.java:340)
	at org.testng.SuiteRunner.run(SuiteRunner.java:289)
	at org.testng.SuiteRunnerWorker.runSuite(SuiteRunnerWorker.java:52)
	at org.testng.SuiteRunnerWorker.run(SuiteRunnerWorker.java:86)
	at org.testng.TestNG.runSuitesSequentially(TestNG.java:1301)
	at org.testng.TestNG.runSuitesLocally(TestNG.java:1226)
	at org.testng.TestNG.runSuites(TestNG.java:1144)
	at org.testng.TestNG.run(TestNG.java:1115)
	at org.testng.remote.AbstractRemoteTestNG.run(AbstractRemoteTestNG.java:132)
	at org.testng.remote.RemoteTestNG.initAndRun(RemoteTestNG.java:230)
	at org.testng.remote.RemoteTestNG.main(RemoteTestNG.java:76)
]]>
            </full-stacktrace>
          </exception> <!-- org.openqa.selenium.StaleElementReferenceException -->
          <reporter-output>
          </reporter-output>
        </test-method> <!-- beforeSuite -->
      </class> <!-- loginTestNG.login -->
      <class name="user.updateUser">
        <test-method status="PASS" signature="beforeMethod()[pri:0, instance:user.updateUser@6a41eaa2]" name="beforeMethod" is-config="true" duration-ms="277" started-at="2018-06-29T14:34:28Z" finished-at="2018-06-29T14:34:28Z">
          <reporter-output>
          </reporter-output>
        </test-method> <!-- beforeMethod -->
        <test-method status="PASS" signature="sendKyes()[pri:0, instance:user.updateUser@6a41eaa2]" name="sendKyes" duration-ms="5193" started-at="2018-06-29T14:34:28Z" finished-at="2018-06-29T14:34:33Z">
          <reporter-output>
          </reporter-output>
        </test-method> <!-- sendKyes -->
      </class> <!-- user.updateUser -->
      <class name="loginTestNG.logOut">
        <test-method status="FAIL" signature="afterSuite()[pri:0, instance:loginTestNG.logOut@5622fdf]" name="afterSuite" is-config="true" duration-ms="4090" started-at="2018-06-29T14:35:02Z" finished-at="2018-06-29T14:35:06Z">
          <exception class="org.openqa.selenium.ElementNotVisibleException">
            <message>
              <![CDATA[element not visible
  (Session info: chrome=56.0.2924.87)
  (Driver info: chromedriver=2.29.461571 (8a88bbe0775e2a23afda0ceaf2ef7ee74e822cc5),platform=Linux 4.4.0-116-generic x86_64) (WARNING: The server did not provide any stacktrace information)
Command duration or timeout: 46 milliseconds
Build info: version: 'unknown', revision: 'unknown', time: 'unknown'
System info: host: 'thinkcube-Aspire-5742', ip: '127.0.1.1', os.name: 'Linux', os.arch: 'amd64', os.version: '4.4.0-116-generic', java.version: '1.8.0_151'
Driver info: org.openqa.selenium.chrome.ChromeDriver
Capabilities [{applicationCacheEnabled=false, rotatable=false, mobileEmulationEnabled=false, networkConnectionEnabled=false, chrome={chromedriverVersion=2.29.461571 (8a88bbe0775e2a23afda0ceaf2ef7ee74e822cc5), userDataDir=/tmp/.org.chromium.Chromium.9xODD1}, takesHeapSnapshot=true, pageLoadStrategy=normal, databaseEnabled=false, handlesAlerts=true, hasTouchScreen=false, version=56.0.2924.87, platform=LINUX, browserConnectionEnabled=false, nativeEvents=true, acceptSslCerts=true, locationContextEnabled=true, webStorageEnabled=true, browserName=chrome, takesScreenshot=true, javascriptEnabled=true, cssSelectorsEnabled=true, unexpectedAlertBehaviour=}]
Session ID: db7c8c6103690ec688f3e54ce8965964]]>
            </message>
            <full-stacktrace>
              <![CDATA[org.openqa.selenium.ElementNotVisibleException: element not visible
  (Session info: chrome=56.0.2924.87)
  (Driver info: chromedriver=2.29.461571 (8a88bbe0775e2a23afda0ceaf2ef7ee74e822cc5),platform=Linux 4.4.0-116-generic x86_64) (WARNING: The server did not provide any stacktrace information)
Command duration or timeout: 46 milliseconds
Build info: version: 'unknown', revision: 'unknown', time: 'unknown'
System info: host: 'thinkcube-Aspire-5742', ip: '127.0.1.1', os.name: 'Linux', os.arch: 'amd64', os.version: '4.4.0-116-generic', java.version: '1.8.0_151'
Driver info: org.openqa.selenium.chrome.ChromeDriver
Capabilities [{applicationCacheEnabled=false, rotatable=false, mobileEmulationEnabled=false, networkConnectionEnabled=false, chrome={chromedriverVersion=2.29.461571 (8a88bbe0775e2a23afda0ceaf2ef7ee74e822cc5), userDataDir=/tmp/.org.chromium.Chromium.9xODD1}, takesHeapSnapshot=true, pageLoadStrategy=normal, databaseEnabled=false, handlesAlerts=true, hasTouchScreen=false, version=56.0.2924.87, platform=LINUX, browserConnectionEnabled=false, nativeEvents=true, acceptSslCerts=true, locationContextEnabled=true, webStorageEnabled=true, browserName=chrome, takesScreenshot=true, javascriptEnabled=true, cssSelectorsEnabled=true, unexpectedAlertBehaviour=}]
Session ID: db7c8c6103690ec688f3e54ce8965964
	at sun.reflect.NativeConstructorAccessorImpl.newInstance0(Native Method)
	at sun.reflect.NativeConstructorAccessorImpl.newInstance(NativeConstructorAccessorImpl.java:62)
	at sun.reflect.DelegatingConstructorAccessorImpl.newInstance(DelegatingConstructorAccessorImpl.java:45)
	at java.lang.reflect.Constructor.newInstance(Constructor.java:423)
	at org.openqa.selenium.remote.ErrorHandler.createThrowable(ErrorHandler.java:215)
	at org.openqa.selenium.remote.ErrorHandler.throwIfResponseFailed(ErrorHandler.java:167)
	at org.openqa.selenium.remote.RemoteWebDriver.execute(RemoteWebDriver.java:671)
	at org.openqa.selenium.remote.RemoteWebElement.execute(RemoteWebElement.java:272)
	at org.openqa.selenium.remote.RemoteWebElement.click(RemoteWebElement.java:82)
	at loginTestNG.logOut.afterSuite(logOut.java:14)
	at sun.reflect.NativeMethodAccessorImpl.invoke0(Native Method)
	at sun.reflect.NativeMethodAccessorImpl.invoke(NativeMethodAccessorImpl.java:62)
	at sun.reflect.DelegatingMethodAccessorImpl.invoke(DelegatingMethodAccessorImpl.java:43)
	at java.lang.reflect.Method.invoke(Method.java:498)
	at org.testng.internal.MethodInvocationHelper.invokeMethod(MethodInvocationHelper.java:108)
	at org.testng.internal.Invoker.invokeConfigurationMethod(Invoker.java:523)
	at org.testng.internal.Invoker.invokeConfigurations(Invoker.java:224)
	at org.testng.internal.Invoker.invokeConfigurations(Invoker.java:146)
	at org.testng.SuiteRunner.privateRun(SuiteRunner.java:350)
	at org.testng.SuiteRunner.run(SuiteRunner.java:289)
	at org.testng.SuiteRunnerWorker.runSuite(SuiteRunnerWorker.java:52)
	at org.testng.SuiteRunnerWorker.run(SuiteRunnerWorker.java:86)
	at org.testng.TestNG.runSuitesSequentially(TestNG.java:1301)
	at org.testng.TestNG.runSuitesLocally(TestNG.java:1226)
	at org.testng.TestNG.runSuites(TestNG.java:1144)
	at org.testng.TestNG.run(TestNG.java:1115)
	at org.testng.remote.AbstractRemoteTestNG.run(AbstractRemoteTestNG.java:132)
	at org.testng.remote.RemoteTestNG.initAndRun(RemoteTestNG.java:230)
	at org.testng.remote.RemoteTestNG.main(RemoteTestNG.java:76)
]]>
            </full-stacktrace>
          </exception> <!-- org.openqa.selenium.ElementNotVisibleException -->
          <reporter-output>
          </reporter-output>
        </test-method> <!-- afterSuite -->
      </class> <!-- loginTestNG.logOut -->
      <class name="kiosks.addKiosk">
        <test-method status="PASS" signature="openModal()[pri:0, instance:kiosks.addKiosk@91161c7]" name="openModal" is-config="true" duration-ms="241" started-at="2018-06-29T14:34:09Z" finished-at="2018-06-29T14:34:09Z">
          <reporter-output>
          </reporter-output>
        </test-method> <!-- openModal -->
        <test-method status="PASS" signature="sendKeysColombo()[pri:0, instance:kiosks.addKiosk@91161c7]" name="sendKeysColombo" duration-ms="4432" started-at="2018-06-29T14:34:09Z" finished-at="2018-06-29T14:34:14Z">
          <reporter-output>
          </reporter-output>
        </test-method> <!-- sendKeysColombo -->
        <test-method status="PASS" signature="row_number()[pri:0, instance:kiosks.addKiosk@91161c7]" name="row_number" is-config="true" duration-ms="132" started-at="2018-06-29T14:34:14Z" finished-at="2018-06-29T14:34:14Z">
          <reporter-output>
          </reporter-output>
        </test-method> <!-- row_number -->
        <test-method status="PASS" signature="printRows()[pri:0, instance:kiosks.addKiosk@91161c7]" name="printRows" is-config="true" duration-ms="23" started-at="2018-06-29T14:34:14Z" finished-at="2018-06-29T14:34:14Z">
          <reporter-output>
          </reporter-output>
        </test-method> <!-- printRows -->
      </class> <!-- kiosks.addKiosk -->
      <class name="kiosks.updateKiosk">
        <test-method status="PASS" signature="numberofKiosk()[pri:0, instance:kiosks.updateKiosk@604ed9f0]" name="numberofKiosk" is-config="true" duration-ms="211" started-at="2018-06-29T14:34:14Z" finished-at="2018-06-29T14:34:14Z">
          <reporter-output>
          </reporter-output>
        </test-method> <!-- numberofKiosk -->
        <test-method status="PASS" signature="editKiosk()[pri:0, instance:kiosks.updateKiosk@604ed9f0]" name="editKiosk" duration-ms="1764" started-at="2018-06-29T14:34:14Z" finished-at="2018-06-29T14:34:16Z">
          <reporter-output>
          </reporter-output>
        </test-method> <!-- editKiosk -->
        <test-method status="PASS" signature="afterTest()[pri:0, instance:kiosks.updateKiosk@604ed9f0]" name="afterTest" is-config="true" duration-ms="4098" started-at="2018-06-29T14:34:16Z" finished-at="2018-06-29T14:34:20Z">
          <reporter-output>
          </reporter-output>
        </test-method> <!-- afterTest -->
      </class> <!-- kiosks.updateKiosk -->
    </test> <!-- Test -->
  </suite> <!-- Suite -->
</testng-results>
